<?xml version="1.0" encoding="UTF-8"?>
<!-- Generated by org.testng.reporters.JUnitReportReporter -->
<testsuite hostname="DESKTOP-AEFN888" failures="0" tests="1" name="rits.testng" time="0.007" errors="0" timestamp="2025-09-08T14:13:19 IST" skipped="0">
  <testcase classname="rits.testng" name="name" time="0.007"/>
</testsuite> <!-- rits.testng -->
